<?xml version="1.0" encoding="UTF-8"?>
<!-- Generated by org.testng.reporters.JUnitReportReporter -->
<testsuite hostname="DESKTOP-7VJE66H" name="SSinSelenium.screenshot" tests="1" failures="0" timestamp="13 Apr 2022 11:05:46 GMT" time="9.378" errors="0">
  <testcase name="ScreenshotsDemo" time="9.378" classname="SSinSelenium.screenshot"/>
</testsuite> <!-- SSinSelenium.screenshot -->
